d:\personal\documents\visual studio 2015\projects\colortagx\colortagx\x64\release\xgradient.obj
d:\personal\documents\visual studio 2015\projects\colortagx\colortagx\x64\release\main.obj
d:\personal\documents\visual studio 2015\projects\colortagx\colortagx\x64\release\graphicview.obj
d:\personal\documents\visual studio 2015\projects\colortagx\colortagx\x64\release\moc_xgradient.obj
d:\personal\documents\visual studio 2015\projects\colortagx\colortagx\x64\release\moc_graphicview.obj
d:\personal\documents\visual studio 2015\projects\colortagx\colortagx\x64\release\moc_colortag.obj
d:\personal\documents\visual studio 2015\projects\colortagx\colortagx\x64\release\moc_barwindow.obj
d:\personal\documents\visual studio 2015\projects\colortagx\colortagx\x64\release\moc_barsimple.obj
d:\personal\documents\visual studio 2015\projects\colortagx\colortagx\x64\release\moc_baradvance.obj
d:\personal\documents\visual studio 2015\projects\colortagx\colortagx\x64\release\colortag.obj
d:\personal\documents\visual studio 2015\projects\colortagx\colortagx\x64\release\barwindow.obj
d:\personal\documents\visual studio 2015\projects\colortagx\colortagx\x64\release\barsimple.obj
d:\personal\documents\visual studio 2015\projects\colortagx\colortagx\x64\release\baradvance.obj
d:\personal\documents\visual studio 2015\projects\colortagx\colortagx\x64\release\amazebuffer.obj
d:\personal\documents\visual studio 2015\projects\colortagx\colortagx\x64\release\qrc_colortag.obj
d:\personal\documents\visual studio 2015\projects\colortagx\colortagx\x64\release\qrc_barwindow.obj
d:\personal\documents\visual studio 2015\projects\colortagx\colortagx\generatedfiles\release\moc_barwindow.cpp
d:\personal\documents\visual studio 2015\projects\colortagx\colortagx\generatedfiles\release\moc_xgradient.cpp
d:\personal\documents\visual studio 2015\projects\colortagx\colortagx\generatedfiles\release\moc_graphicview.cpp
d:\personal\documents\visual studio 2015\projects\colortagx\colortagx\generatedfiles\release\moc_colortag.cpp
d:\personal\documents\visual studio 2015\projects\colortagx\colortagx\generatedfiles\release\moc_barsimple.cpp
d:\personal\documents\visual studio 2015\projects\colortagx\colortagx\generatedfiles\release\moc_baradvance.cpp
d:\personal\documents\visual studio 2015\projects\colortagx\colortagx\generatedfiles\qrc_barwindow.cpp
d:\personal\documents\visual studio 2015\projects\colortagx\colortagx\generatedfiles\ui_barwindow.h
d:\personal\documents\visual studio 2015\projects\colortagx\colortagx\generatedfiles\qrc_colortag.cpp
d:\personal\documents\visual studio 2015\projects\colortagx\colortagx\generatedfiles\ui_colortag.h
d:\personal\documents\visual studio 2015\projects\colortagx\x64\release\colortagx.exe
d:\personal\documents\visual studio 2015\projects\colortagx\colortagx\x64\release\colortagx.res
d:\personal\documents\visual studio 2015\projects\colortagx\colortagx\x64\release\colortagx.tlog\cl.command.1.tlog
d:\personal\documents\visual studio 2015\projects\colortagx\colortagx\x64\release\colortagx.tlog\cl.read.1.tlog
d:\personal\documents\visual studio 2015\projects\colortagx\colortagx\x64\release\colortagx.tlog\cl.write.1.tlog
d:\personal\documents\visual studio 2015\projects\colortagx\colortagx\x64\release\colortagx.tlog\custombuild.command.1.tlog
d:\personal\documents\visual studio 2015\projects\colortagx\colortagx\x64\release\colortagx.tlog\custombuild.read.1.tlog
d:\personal\documents\visual studio 2015\projects\colortagx\colortagx\x64\release\colortagx.tlog\custombuild.write.1.tlog
d:\personal\documents\visual studio 2015\projects\colortagx\colortagx\x64\release\colortagx.tlog\link.command.1.tlog
d:\personal\documents\visual studio 2015\projects\colortagx\colortagx\x64\release\colortagx.tlog\link.read.1.tlog
d:\personal\documents\visual studio 2015\projects\colortagx\colortagx\x64\release\colortagx.tlog\link.write.1.tlog
d:\personal\documents\visual studio 2015\projects\colortagx\colortagx\x64\release\colortagx.tlog\rc.command.1.tlog
d:\personal\documents\visual studio 2015\projects\colortagx\colortagx\x64\release\colortagx.tlog\rc.read.1.tlog
d:\personal\documents\visual studio 2015\projects\colortagx\colortagx\x64\release\colortagx.tlog\rc.write.1.tlog
