生成启动时间为 2017/5/23 12:46:39。
     1>项目“D:\Personal\Documents\Visual Studio 2015\Projects\colorTagX\colorTagX\colorTagX.vcxproj”在节点 2 上(Build 个目标)。
     1>ClCompile:
         E:\Tool\Editor\Program\VC\bin\x86_amd64\CL.exe /c /I.\GeneratedFiles /I. /IE:\Tool\Editor\Program\QT\5.7\msvc2015_64\include /I.\GeneratedFiles\Release /IE:\Tool\Editor\Program\QT\5.7\msvc2015_64\include\QtCore /IE:\Tool\Editor\Program\QT\5.7\msvc2015_64\include\QtGui /IE:\Tool\Editor\Program\QT\5.7\msvc2015_64\include\QtWidgets /nologo /W1 /WX- /O2 /D UNICODE /D WIN32 /D QT_DLL /D QT_NO_DEBUG /D NDEBUG /D QT_CORE_LIB /D QT_GUI_LIB /D QT_WIDGETS_LIB /Gm- /EHsc /MD /GS /fp:precise /Zc:wchar_t /Zc:forScope /Zc:inline /Fo"x64\Release\\" /Fd"x64\Release\vc140.pdb" /Gd /TP /errorReport:prompt colortag.cpp
         colortag.cpp
       Link:
         E:\Tool\Editor\Program\VC\bin\x86_amd64\link.exe /ERRORREPORT:PROMPT /OUT:"D:\Personal\Documents\Visual Studio 2015\Projects\colorTagX\x64\Release\\colorTagX.exe" /NOLOGO /LIBPATH:E:\Tool\Editor\Program\QT\5.7\msvc2015_64\lib qtmain.lib Qt5Core.lib Qt5Gui.lib Qt5Widgets.lib kernel32.lib user32.lib gdi32.lib winspool.lib comdlg32.lib advapi32.lib shell32.lib ole32.lib oleaut32.lib uuid.lib odbc32.lib odbccp32.lib /MANIFEST /MANIFESTUAC:"level='asInvoker' uiAccess='false'" /manifest:embed /PDB:"D:\Personal\Documents\Visual Studio 2015\Projects\colorTagX\x64\Release\colorTagX.pdb" /SUBSYSTEM:WINDOWS /TLBID:1 /DYNAMICBASE /NXCOMPAT /IMPLIB:"D:\Personal\Documents\Visual Studio 2015\Projects\colorTagX\x64\Release\colorTagX.lib" /MACHINE:X64 x64\Release\colorTagX.res
         x64\Release\AmazeBuffer.obj
         x64\Release\BarAdvance.obj
         x64\Release\barSimple.obj
         x64\Release\barwindow.obj
         x64\Release\colortag.obj
         x64\Release\qrc_barwindow.obj
         x64\Release\qrc_colortag.obj
         x64\Release\moc_BarAdvance.obj
         x64\Release\moc_barSimple.obj
         x64\Release\moc_barwindow.obj
         x64\Release\moc_colortag.obj
         x64\Release\moc_GraphicView.obj
         x64\Release\moc_xgradient.obj
         x64\Release\GraphicView.obj
         x64\Release\main.obj
         x64\Release\xgradient.obj
         colorTagX.vcxproj -> D:\Personal\Documents\Visual Studio 2015\Projects\colorTagX\x64\Release\colorTagX.exe
     1>已完成生成项目“D:\Personal\Documents\Visual Studio 2015\Projects\colorTagX\colorTagX\colorTagX.vcxproj”(Build 个目标)的操作。

已成功生成。

已用时间 00:00:02.16
