生成启动时间为 2017/5/19 0:19:53。
     1>项目“d:\Personal\documents\visual studio 2015\Projects\colorTagX\colorTagX\colorTagX.vcxproj”在节点 2 上(Build 个目标)。
     1>ClCompile:
         E:\Tool\Editor\Program\VC\bin\x86_amd64\CL.exe /c /I.\GeneratedFiles /I. /IE:\Tool\Editor\Program\QT\5.7\msvc2015_64\include /I.\GeneratedFiles\Debug /IE:\Tool\Editor\Program\QT\5.7\msvc2015_64\include\QtCore /IE:\Tool\Editor\Program\QT\5.7\msvc2015_64\include\QtGui /IE:\Tool\Editor\Program\QT\5.7\msvc2015_64\include\QtWidgets /Zi /nologo /W1 /WX- /Od /D UNICODE /D WIN32 /D QT_DLL /D QT_CORE_LIB /D QT_GUI_LIB /D QT_WIDGETS_LIB /Gm- /EHsc /MDd /GS /fp:precise /Zc:wchar_t /Zc:forScope /Zc:inline /Fo"x64\Debug\\" /Fd"x64\Debug\vc140.pdb" /Gd /TP /errorReport:prompt AmazeBuffer.cpp
         AmazeBuffer.cpp
       Link:
         E:\Tool\Editor\Program\VC\bin\x86_amd64\link.exe /ERRORREPORT:PROMPT /OUT:"d:\personal\documents\visual studio 2015\Projects\colorTagX\x64\Debug\\colorTagX.exe" /NOLOGO /LIBPATH:E:\Tool\Editor\Program\QT\5.7\msvc2015_64\lib qtmaind.lib Qt5Cored.lib Qt5Guid.lib Qt5Widgetsd.lib kernel32.lib user32.lib gdi32.lib winspool.lib comdlg32.lib advapi32.lib shell32.lib ole32.lib oleaut32.lib uuid.lib odbc32.lib odbccp32.lib /MANIFEST /MANIFESTUAC:"level='asInvoker' uiAccess='false'" /manifest:embed /Debug /PDB:"d:\personal\documents\visual studio 2015\Projects\colorTagX\x64\Debug\colorTagX.pdb" /SUBSYSTEM:WINDOWS /STACK:"1000000" /TLBID:1 /DYNAMICBASE /NXCOMPAT /IMPLIB:"d:\personal\documents\visual studio 2015\Projects\colorTagX\x64\Debug\colorTagX.lib" /MACHINE:X64 x64\Debug\colorTagX.res
         x64\Debug\AmazeBuffer.obj
         x64\Debug\BarAdvance.obj
         x64\Debug\barSimple.obj
         x64\Debug\barwindow.obj
         x64\Debug\colortag.obj
         x64\Debug\moc_BarAdvance.obj
         x64\Debug\moc_barSimple.obj
         x64\Debug\moc_barwindow.obj
         x64\Debug\moc_colortag.obj
         x64\Debug\moc_GraphicView.obj
         x64\Debug\moc_xgradient.obj
         x64\Debug\qrc_barwindow.obj
         x64\Debug\qrc_colortag.obj
         x64\Debug\GraphicView.obj
         x64\Debug\main.obj
         x64\Debug\xgradient.obj
         colorTagX.vcxproj -> d:\personal\documents\visual studio 2015\Projects\colorTagX\x64\Debug\colorTagX.exe
     1>已完成生成项目“d:\Personal\documents\visual studio 2015\Projects\colorTagX\colorTagX\colorTagX.vcxproj”(Build 个目标)的操作。

已成功生成。

已用时间 00:00:00.74
